mode: set
github.com/costalong/blog-code-go/unit-test/gomock-demo/demo-one/admin_info.go:9.52,11.2 1 0
github.com/costalong/blog-code-go/unit-test/gomock-demo/demo-one/admin_service.go:15.37,17.2 1 0
github.com/costalong/blog-code-go/unit-test/gomock-demo/demo-one/admin_service.go:19.51,21.2 1 0
github.com/costalong/blog-code-go/unit-test/gomock-demo/demo-one/admin_service.go:23.73,26.2 2 0
github.com/costalong/blog-code-go/unit-test/gomock-demo/demo-one/user_service.go:17.36,19.2 1 0
github.com/costalong/blog-code-go/unit-test/gomock-demo/demo-one/user_service.go:21.50,23.2 1 0
github.com/costalong/blog-code-go/unit-test/gomock-demo/demo-one/user_service.go:25.72,28.2 2 0
github.com/costalong/blog-code-go/unit-test/gomock-demo/demo-one/admin_info.go:9.52,11.2 1 0
github.com/costalong/blog-code-go/unit-test/gomock-demo/demo-one/admin_service.go:15.37,17.2 1 0
github.com/costalong/blog-code-go/unit-test/gomock-demo/demo-one/admin_service.go:19.51,21.2 1 0
github.com/costalong/blog-code-go/unit-test/gomock-demo/demo-one/admin_service.go:23.73,26.2 2 0
github.com/costalong/blog-code-go/unit-test/gomock-demo/demo-one/user_service.go:17.36,19.2 1 1
github.com/costalong/blog-code-go/unit-test/gomock-demo/demo-one/user_service.go:21.50,23.2 1 1
github.com/costalong/blog-code-go/unit-test/gomock-demo/demo-one/user_service.go:25.72,28.2 2 1
github.com/costalong/blog-code-go/unit-test/gomock-demo/demo-one/mock/admin_service_mock.go:25.61,29.2 3 0
github.com/costalong/blog-code-go/unit-test/gomock-demo/demo-one/mock/admin_service_mock.go:32.59,34.2 1 0
github.com/costalong/blog-code-go/unit-test/gomock-demo/demo-one/mock/admin_service_mock.go:37.54,42.2 4 0
github.com/costalong/blog-code-go/unit-test/gomock-demo/demo-one/mock/admin_service_mock.go:45.81,48.2 2 0
github.com/costalong/blog-code-go/unit-test/gomock-demo/demo-one/mock/admin_service_mock.go:51.53,56.2 4 0
github.com/costalong/blog-code-go/unit-test/gomock-demo/demo-one/mock/admin_service_mock.go:59.80,62.2 2 0
github.com/costalong/blog-code-go/unit-test/gomock-demo/demo-one/mock/admin_service_mock.go:65.75,71.2 5 0
github.com/costalong/blog-code-go/unit-test/gomock-demo/demo-one/mock/admin_service_mock.go:74.81,77.2 2 0
github.com/costalong/blog-code-go/unit-test/gomock-demo/demo-one/mock/user_service_mock.go:25.59,29.2 3 1
github.com/costalong/blog-code-go/unit-test/gomock-demo/demo-one/mock/user_service_mock.go:32.57,34.2 1 1
github.com/costalong/blog-code-go/unit-test/gomock-demo/demo-one/mock/user_service_mock.go:37.50,42.2 4 1
github.com/costalong/blog-code-go/unit-test/gomock-demo/demo-one/mock/user_service_mock.go:45.77,48.2 2 1
github.com/costalong/blog-code-go/unit-test/gomock-demo/demo-one/mock/user_service_mock.go:51.72,57.2 5 0
github.com/costalong/blog-code-go/unit-test/gomock-demo/demo-one/mock/user_service_mock.go:60.78,63.2 2 0
